#
# There is insufficient memory for the Java Runtime Environment to continue.
# Native memory allocation (mmap) failed to map 264241152 bytes for G1 virtual space
# Possible reasons:
#   The system is out of physical RAM or swap space
#   The process is running with CompressedOops enabled, and the Java Heap may be blocking the growth of the native heap
# Possible solutions:
#   Reduce memory load on the system
#   Increase physical memory or swap space
#   Check if swap backing store is full
#   Decrease Java heap size (-Xmx/-Xms)
#   Decrease number of Java threads
#   Decrease Java thread stack sizes (-Xss)
#   Set larger code cache with -XX:ReservedCodeCacheSize=
#   JVM is running with Zero Based Compressed Oops mode in which the Java heap is
#     placed in the first 32GB address space. The Java Heap base address is the
#     maximum limit for the native heap growth. Please use -XX:HeapBaseMinAddress
#     to set the Java Heap base and to place the Java Heap above 32GB virtual address.
# This output file may be truncated or incomplete.
#
#  Out of Memory Error (os_windows.cpp:3528), pid=26492, tid=13840
#
# JRE version:  (20.0.2+9) (build )
# Java VM: Java HotSpot(TM) 64-Bit Server VM (20.0.2+9-78, mixed mode, sharing, tiered, compressed oops, compressed class ptrs, g1 gc, windows-amd64)
# No core dump will be written. Minidumps are not enabled by default on client versions of Windows
#

---------------  S U M M A R Y ------------

Command Line: vista.EstructuraFC

Host: 12th Gen Intel(R) Core(TM) i5-12500, 12 cores, 15G,  Windows 11 , 64 bit Build 26100 (10.0.26100.2454)
Time: Tue Jan 14 19:35:19 2025 Hora est. Pacífico, Sudamérica elapsed time: 1.155657 seconds (0d 0h 0m 1s)

---------------  T H R E A D  ---------------

Current thread (0x0000026c8ee281f0):  JavaThread "Unknown thread" [_thread_in_vm, id=13840, stack(0x0000008520e00000,0x0000008520f00000)]

Stack: [0x0000008520e00000,0x0000008520f00000]
Native frames: (J=compiled Java code, j=interpreted, Vv=VM code, C=native code)
V  [jvm.dll+0x6bc25a]
V  [jvm.dll+0x84971a]
V  [jvm.dll+0x84b315]
V  [jvm.dll+0x84ba13]
V  [jvm.dll+0x280e4f]
V  [jvm.dll+0x6b8fe9]
V  [jvm.dll+0x6adbca]
V  [jvm.dll+0x35b165]
V  [jvm.dll+0x363386]
V  [jvm.dll+0x3b400e]
V  [jvm.dll+0x3b4295]
V  [jvm.dll+0x32b86a]
V  [jvm.dll+0x32c68b]
V  [jvm.dll+0x8123df]
V  [jvm.dll+0x3c1261]
V  [jvm.dll+0x7fe103]
V  [jvm.dll+0x44ccaf]
V  [jvm.dll+0x44e621]
C  [jli.dll+0x5287]
C  [ucrtbase.dll+0x14ea0]
C  [KERNEL32.DLL+0x2e8d7]
C  [ntdll.dll+0xdfbcc]


---------------  P R O C E S S  ---------------

Threads class SMR info:
_java_thread_list=0x00007ff96f98b118, length=0, elements={
}

Java Threads: ( => current thread )

Other Threads:
  0x0000026c8ee97ce0 WorkerThread "GC Thread#0" [stack: 0x0000008520f00000,0x0000008521000000] [id=27000]
  0x0000026c8eea96d0 ConcurrentGCThread "G1 Main Marker" [stack: 0x0000008521000000,0x0000008521100000] [id=27832]
  0x0000026c8eeaaf70 WorkerThread "G1 Conc#0" [stack: 0x0000008521100000,0x0000008521200000] [id=29856]

[error occurred during error reporting (printing all threads), id 0xc0000005, EXCEPTION_ACCESS_VIOLATION (0xc0000005) at pc=0x00007ff96f16eea7]
VM state: not at safepoint (not fully initialized)

VM Mutex/Monitor currently owned by a thread:  ([mutex/lock_event])
[0x0000026c8cb5a220] Heap_lock - owner thread: 0x0000026c8ee281f0

Heap address: 0x0000000705200000, size: 4014 MB, Compressed Oops mode: Zero based, Oop shift amount: 3

CDS archive(s) mapped at: [0x0000000000000000-0x0000000000000000-0x0000000000000000), size 0, SharedBaseAddress: 0x0000000800000000, ArchiveRelocationMode: 1.
Narrow klass base: 0x0000000000000000, Narrow klass shift: 0, Narrow klass range: 0x0

GC Precious Log:
 CardTable entry size: 512
 Card Set container configuration: InlinePtr #cards 4 size 8 Array Of Cards #cards 16 size 48 Howl #buckets 8 coarsen threshold 3686 Howl Bitmap #cards 512 size 80 coarsen threshold 460 Card regions per heap region 1 cards per card region 4096

Heap:
 garbage-first heap   total 0K, used 0K [0x0000000705200000, 0x0000000800000000)
  region size 2048K, 0 young (0K), 0 survivors (0K)

[error occurred during error reporting (printing heap information), id 0xc0000005, EXCEPTION_ACCESS_VIOLATION (0xc0000005) at pc=0x00007ff96f5447b9]
GC Heap History (0 events):
No events

Dll operation events (1 events):
Event: 0.005 Loaded shared library C:\Program Files\Java\jdk-20\bin\java.dll

Deoptimization events (0 events):
No events

Classes loaded (0 events):
No events

Classes unloaded (0 events):
No events

Classes redefined (0 events):
No events

Internal exceptions (0 events):
No events

VM Operations (0 events):
No events

Events (0 events):
No events


Dynamic libraries:
0x00007ff703e70000 - 0x00007ff703e80000 	C:\Program Files\Java\jdk-20\bin\java.exe
0x00007ffa40a80000 - 0x00007ffa40ce3000 	C:\WINDOWS\SYSTEM32\ntdll.dll
0x00007ffa3f0d0000 - 0x00007ffa3f198000 	C:\WINDOWS\System32\KERNEL32.DLL
0x00007ffa3e470000 - 0x00007ffa3e822000 	C:\WINDOWS\System32\KERNELBASE.dll
0x00007ffa3e0b0000 - 0x00007ffa3e1fb000 	C:\WINDOWS\System32\ucrtbase.dll
0x00007ffa19540000 - 0x00007ffa19559000 	C:\Program Files\Java\jdk-20\bin\jli.dll
0x00007ffa24880000 - 0x00007ffa2489b000 	C:\Program Files\Java\jdk-20\bin\VCRUNTIME140.dll
0x00007ffa3eb20000 - 0x00007ffa3ebd4000 	C:\WINDOWS\System32\ADVAPI32.dll
0x00007ffa40160000 - 0x00007ffa40209000 	C:\WINDOWS\System32\msvcrt.dll
0x00007ffa400b0000 - 0x00007ffa40156000 	C:\WINDOWS\System32\sechost.dll
0x00007ffa3ff90000 - 0x00007ffa400a6000 	C:\WINDOWS\System32\RPCRT4.dll
0x00007ffa40870000 - 0x00007ffa40a38000 	C:\WINDOWS\System32\USER32.dll
0x00007ffa3e380000 - 0x00007ffa3e3a7000 	C:\WINDOWS\System32\win32u.dll
0x00007ffa03920000 - 0x00007ffa03bb0000 	C:\WINDOWS\WinSxS\amd64_microsoft.windows.common-controls_6595b64144ccf1df_6.0.26100.2454_none_3e0b68a2e331ad60\COMCTL32.dll
0x00007ffa3f360000 - 0x00007ffa3f38a000 	C:\WINDOWS\System32\GDI32.dll
0x00007ffa3def0000 - 0x00007ffa3e01b000 	C:\WINDOWS\System32\gdi32full.dll
0x00007ffa3e830000 - 0x00007ffa3e8d3000 	C:\WINDOWS\System32\msvcp_win.dll
0x00007ffa377f0000 - 0x00007ffa377fb000 	C:\WINDOWS\SYSTEM32\VERSION.dll
0x00007ffa3f4e0000 - 0x00007ffa3f50f000 	C:\WINDOWS\System32\IMM32.DLL
0x00007ffa28b70000 - 0x00007ffa28b7c000 	C:\Program Files\Java\jdk-20\bin\vcruntime140_1.dll
0x00007ffa1b1b0000 - 0x00007ffa1b23e000 	C:\Program Files\Java\jdk-20\bin\msvcp140.dll
0x00007ff96ee30000 - 0x00007ff96fac8000 	C:\Program Files\Java\jdk-20\bin\server\jvm.dll
0x00007ffa35ed0000 - 0x00007ffa35eda000 	C:\WINDOWS\SYSTEM32\WSOCK32.dll
0x00007ffa36890000 - 0x00007ffa368c6000 	C:\WINDOWS\SYSTEM32\WINMM.dll
0x00007ffa3ea20000 - 0x00007ffa3ea94000 	C:\WINDOWS\System32\WS2_32.dll
0x00007ffa3cc50000 - 0x00007ffa3cc6a000 	C:\WINDOWS\SYSTEM32\kernel.appcore.dll
0x00007ffa288e0000 - 0x00007ffa288ea000 	C:\Program Files\Java\jdk-20\bin\jimage.dll
0x00007ffa10580000 - 0x00007ffa107c1000 	C:\WINDOWS\SYSTEM32\DBGHELP.DLL
0x00007ffa3ebe0000 - 0x00007ffa3ef5e000 	C:\WINDOWS\System32\combase.dll
0x00007ffa3eff0000 - 0x00007ffa3f0c6000 	C:\WINDOWS\System32\OLEAUT32.dll
0x00007ffa0fca0000 - 0x00007ffa0fcd9000 	C:\WINDOWS\SYSTEM32\dbgcore.DLL
0x00007ffa3de50000 - 0x00007ffa3dee9000 	C:\WINDOWS\System32\bcryptPrimitives.dll
0x00007ffa1b980000 - 0x00007ffa1b9a6000 	C:\Program Files\Java\jdk-20\bin\java.dll

dbghelp: loaded successfully - version: 4.0.5 - missing functions: none
symbol engine: initialized successfully - sym options: 0x614 - pdb path: .;C:\Program Files\Java\jdk-20\bin;C:\WINDOWS\SYSTEM32;C:\WINDOWS\WinSxS\amd64_microsoft.windows.common-controls_6595b64144ccf1df_6.0.26100.2454_none_3e0b68a2e331ad60;C:\Program Files\Java\jdk-20\bin\server

VM Arguments:
java_command: vista.EstructuraFC
java_class_path (initial): C:\Users\ejmg3\Documents\NetBeansProjects\Acmp\target\classes;C:\Users\ejmg3\.m2\repository\com\twelvemonkeys\common\common-image\3.10.1\common-image-3.10.1.jar;C:\Users\ejmg3\.m2\repository\com\twelvemonkeys\common\common-lang\3.10.1\common-lang-3.10.1.jar;C:\Users\ejmg3\.m2\repository\com\twelvemonkeys\common\common-io\3.10.1\common-io-3.10.1.jar;C:\Users\ejmg3\.m2\repository\com\formdev\flatlaf\3.4.1\flatlaf-3.4.1.jar;C:\Users\ejmg3\.m2\repository\com\formdev\flatlaf-extras\3.4.1\flatlaf-extras-3.4.1.jar;C:\Users\ejmg3\.m2\repository\com\github\weisj\jsvg\1.4.0\jsvg-1.4.0.jar;C:\Users\ejmg3\.m2\repository\com\miglayout\miglayout-swing\11.3\miglayout-swing-11.3.jar;C:\Users\ejmg3\.m2\repository\com\miglayout\miglayout-core\11.3\miglayout-core-11.3.jar;C:\Users\ejmg3\.m2\repository\com\toedter\jcalendar\1.4\jcalendar-1.4.jar;C:\Users\ejmg3\.m2\repository\net\sf\jasperreports\jasperreports\6.20.5\jasperreports-6.20.5.jar;C:\Users\ejmg3\.m2\repository\commons-beanutils\commons-beanutils\1.9.4\commons-beanutils-1.9.4.jar;C:\Users\ejmg3\.m2\repository\commons-collections\commons-collections\3.2.2\commons-collections-3.2.2.jar;C:\Users\ejmg3\.m2\repository\commons-digester\commons-digester\2.1\commons-digester-2.1.jar;C:\Users\ejmg3\.m2\repository\commons-logging\commons-logging\1.1.1\commons-logging-1.1.1.jar;C:\Users\ejmg3\.m2\repository\org\apache\commons\commons-collections4\4.2\commons-collections4-4.2.jar;C:\Users\ejmg3\.m2\repository\com\github\librepdf\openpdf\1.3.30.jaspersoft.2\openpdf-1.3.30.jaspersoft.2.jar;C:\Users\ejmg3\.m2\repository\org\jfree\jcommon\1.0.23\jcommon-1.0.23.jar;C:\Users\ejmg3\.m2\repository\org\jfree\jfreechart\1.0.19\jfreechart-1.0.19.jar;C:\Users\ejmg3\.m2\repository\org\eclipse\jdt\ecj\3.21.0\ecj-3.21.0.jar;C:\Users\ejmg3\.m2\repository\com\fasterxml\jackson\core\jackson-core\2.14.1\jackson-core-2.14.1.jar;C:\Users\ejmg3\.m2\repository\com\fasterxml\jackson\core\jackson-databind\2.14.1\jackson-databind-2.14.1.jar;C:\Users\ejmg3\.m2\repository\com\fasterxml\jackson\core\jackson-annotations\2.14.1\jackson-annotations-2.14.1.jar;C:\Users\ejmg3\.m2\repository\com\fasterxml\jackson\dataformat\jackson-dataformat-xml\2.14.1\jackson-dataformat-xml-2.14.1.jar;C:\Users\ejmg3\.m2\repository\org\codehaus\woodstox\stax2-api\4.2.1\stax2-api-4.2.1.jar;C:\Users\ejmg3\.m2\repository\com\fasterxml\woodstox\woodstox-core\6.4.0\woodstox-core-6.4.0.jar;C:\Users\ejmg3\.m2\repository\net\sf\jasperreports\jasperreports-fonts\6.20.5\jasperreports-fonts-6.20.5.jar;C:\Users\ejmg3\.m2\repository\com\microsoft\sqlserver\mssql-jdbc\12.3.0.jre20-preview\mssql-jdbc-12.3.0.jre20-preview.jar;C:\Users\ejmg3\.m2\repository\org\apache\poi\poi\5.2.1\poi-5.2.1.jar;C:\Users\ejmg3\.m2\repository\commons-codec\commons-codec\1.15\commons-codec-1.15.jar;C:\Users\ejmg3\.m2\repository\org\apache\commons\commons-math3\3.6.1\commons-math3-3.6.1.jar;C:\Users\ejmg3\.m2\repository\commons-io\commons-io\2.11.0\commons-io-2.11.0.jar;C:\Users\ejmg3\.m2\repository\com\zaxxer\SparseBitSet\1.2\SparseBitSet-1.2.jar;C:\Users\ejmg3\.m2\repository\org\apache\logging\log4j\log4j-api\2.17.1\log4j-api-2.17.1.jar;C:\Users\ejmg3\.m2\repository\org\apache\poi\poi-ooxml\5.2.1\poi-ooxml-5.2.1.jar;C:\Users\ejmg3\.m2\repository\org\apache\poi\poi-ooxml-lite\5.2.1\poi-ooxml-lite-5.2.1.jar;C:\Users\ejmg3\.m2\repository\org\apache\xmlbeans\xmlbeans\5.0.3\xmlbeans-5.0.3.jar;C:\Users\ejmg3\.m2\repository\org\apache\commons\commons-compress\1.21\commons-compress-1.21.jar;C:\Users\ejmg3\.m2\repository\com\github\virtuald\curvesapi\1.07\curvesapi-1.07.jar;C:\Users\ejmg3\.m2\repository\org\bidib\org\oxbow\swingbits\1.3.2\swingbits-1.3.2.jar;C:\Users\ejmg3\.m2\repository\org\slf4j\slf4j-api\1.7.36\slf4j-api-1.7.36.jar;C:\Users\ejmg3\.m2\repository\org\netbeans\external\AbsoluteLayout\RELEASE180\AbsoluteLayout-RELEASE180.jar;C:\Users\ejmg3\.m2\repository\org\apache\pdfbox\pdfbox\2.0.24\pdfbox-2.0.24.jar;C:\Users\ejmg3\.m2\repository\org\apache\pdfbox\fontbox\2.0.24\fontbox-2.0.24.jar
Launcher Type: SUN_STANDARD

[Global flags]
     intx CICompilerCount                          = 4                                         {product} {ergonomic}
     uint ConcGCThreads                            = 3                                         {product} {ergonomic}
     uint G1ConcRefinementThreads                  = 10                                        {product} {ergonomic}
   size_t G1HeapRegionSize                         = 2097152                                   {product} {ergonomic}
    uintx GCDrainStackTargetSize                   = 64                                        {product} {ergonomic}
   size_t InitialHeapSize                          = 264241152                                 {product} {ergonomic}
   size_t MarkStackSize                            = 4194304                                   {product} {ergonomic}
   size_t MaxHeapSize                              = 4208984064                                {product} {ergonomic}
   size_t MinHeapDeltaBytes                        = 2097152                                   {product} {ergonomic}
   size_t MinHeapSize                              = 8388608                                   {product} {ergonomic}
    uintx NonNMethodCodeHeapSize                   = 5839372                                {pd product} {ergonomic}
    uintx NonProfiledCodeHeapSize                  = 122909434                              {pd product} {ergonomic}
    uintx ProfiledCodeHeapSize                     = 122909434                              {pd product} {ergonomic}
    uintx ReservedCodeCacheSize                    = 251658240                              {pd product} {ergonomic}
     bool SegmentedCodeCache                       = true                                      {product} {ergonomic}
   size_t SoftMaxHeapSize                          = 4208984064                             {manageable} {ergonomic}
     bool UseCompressedClassPointers               = true                           {product lp64_product} {ergonomic}
     bool UseCompressedOops                        = true                           {product lp64_product} {ergonomic}
     bool UseG1GC                                  = true                                      {product} {ergonomic}
     bool UseLargePagesIndividualAllocation        = false                                  {pd product} {ergonomic}

Logging:
Log output configuration:
 #0: stdout all=warning uptime,level,tags foldmultilines=false
 #1: stderr all=off uptime,level,tags foldmultilines=false

Environment Variables:
JAVA_HOME=C:\Program Files\Java\jdk-20
PATH=C:\Program Files\Microsoft MPI\Bin\;C:\Program Files\Common Files\Oracle\Java\javapath;C:\Program Files (x86)\Common Files\Oracle\Java\java8path;C:\Program Files (x86)\Common Files\Oracle\Java\javapath;C:\WINDOWS\system32;C:\WINDOWS;C:\WINDOWS\System32\Wbem;C:\WINDOWS\System32\WindowsPowerShell\v1.0\;C:\WINDOWS\System32\OpenSSH\;C:\Program Files\Azure Data Studio\bin;C:\Maven\apache-maven-3.9.6\bin;C:\Program Files\PuTTY\;C:\Program Files\IDM Computer Solutions\UltraEdit;C:\Program Files (x86)\Microsoft SQL Server\160\DTS\Binn\;C:\Program Files (x86)\Microsoft SQL Server\160\Tools\Binn\;C:\Program Files\Microsoft SQL Server\160\Tools\Binn\;C:\Program Files\Microsoft SQL Server\Client SDK\ODBC\170\Tools\Binn\;C:\Program Files\Microsoft SQL Server\160\DTS\Binn\;C:\Program Files\Java\jdk-1.8\bin;C:\Users\ejmg3\AppData\Local\Microsoft\WindowsApps;;C:\Program Files\Azure Data Studio\bin
USERNAME=ejmg3
OS=Windows_NT
PROCESSOR_IDENTIFIER=Intel64 Family 6 Model 151 Stepping 5, GenuineIntel
TMP=C:\Users\ejmg3\AppData\Local\Temp
TEMP=C:\Users\ejmg3\AppData\Local\Temp




---------------  S Y S T E M  ---------------

OS:
 Windows 11 , 64 bit Build 26100 (10.0.26100.2454)
OS uptime: 5 days 2:32 hours
Hyper-V role detected

CPU: total 12 (initial active 12) (6 cores per cpu, 2 threads per core) family 6 model 151 stepping 5 microcode 0x36, cx8, cmov, fxsr, ht, mmx, 3dnowpref, sse, sse2, sse3, ssse3, sse4.1, sse4.2, popcnt, lzcnt, tsc, tscinvbit, avx, avx2, aes, erms, clmul, bmi1, bmi2, adx, sha, fma, vzeroupper, clflush, clflushopt, clwb, hv, serialize, rdtscp, rdpid, fsrm, f16c, cet_ibt, cet_ss

Memory: 4k page, system-wide physical 16053M (2419M free)
TotalPageFile size 65205M (AvailPageFile size 127M)
current process WorkingSet (physical memory assigned to process): 12M, peak: 12M
current process commit charge ("private bytes"): 64M, peak: 316M

vm_info: Java HotSpot(TM) 64-Bit Server VM (20.0.2+9-78) for windows-amd64 JRE (20.0.2+9-78), built on 2023-06-14T10:08:48Z by "mach5one" with MS VC++ 17.1 (VS2022)

END.
